Using pre-set license

 COMMAND LINE ARGUMENTS:
/Applications/Unity/Hub/Editor/2020.3.0f1/Unity.app/Contents/MacOS/Unity
-adb2
-batchMode
-noUpm
-name
AssetImportWorker0
-projectPath
/Users/bastien/Documents/GitHub/-Junior-Programmer-Project
-logFile
Logs/AssetImportWorker0.log
-srvPort
59730
Successfully changed project path to: /Users/bastien/Documents/GitHub/-Junior-Programmer-Project
/Users/bastien/Documents/GitHub/-Junior-Programmer-Project
Using Asset Import Pipeline V2.
Refreshing native plugins compatible for Editor in 38.08 ms, found 1 plugins.
Preloading 0 native plugins for Editor in 0.00 ms.
Initialize engine version: 2020.3.0f1 (c7b5465681fb)
[Subsystems] Discovering subsystems at path /Applications/Unity/Hub/Editor/2020.3.0f1/Unity.app/Contents/Resources/UnitySubsystems
[Subsystems] Discovering subsystems at path /Users/bastien/Documents/GitHub/-Junior-Programmer-Project/Assets
GfxDevice: creating device client; threaded=0
2021-08-02 10:17:28.172 Unity[10969:884102] (null) preferred device: Apple M1 (high power)
2021-08-02 10:17:28.172 Unity[10969:884102] Metal devices available: 1
2021-08-02 10:17:28.172 Unity[10969:884102] 0: Apple M1 (high power)
2021-08-02 10:17:28.172 Unity[10969:884102] Forcing user selected device: Apple M1 (high power)
Initializing Metal device caps: Apple M1
Shader 'Universal Render Pipeline/Particles/Lit': fallback shader 'Universal Render Pipeline/Particles/SimpleLit' not found
Initialize mono
Mono path[0] = '/Applications/Unity/Hub/Editor/2020.3.0f1/Unity.app/Contents/Managed'
Mono path[1] = '/Applications/Unity/Hub/Editor/2020.3.0f1/Unity.app/Contents/MonoBleedingEdge/lib/mono/unityjit'
Mono config path = '/Applications/Unity/Hub/Editor/2020.3.0f1/Unity.app/Contents/MonoBleedingEdge/etc'
Using monoOptions --debugger-agent=transport=dt_socket,embedding=1,server=y,suspend=n,address=127.0.0.1:56969
Begin MonoManager ReloadAssembly
Registering precompiled unity dll's ...
Register platform support module: /Applications/Unity/Hub/Editor/2020.3.0f1/Unity.app/Contents/PlaybackEngines/MacStandaloneSupport/UnityEditor.OSXStandalone.Extensions.dll
Register platform support module: /Applications/Unity/Hub/Editor/2020.3.0f1/PlaybackEngines/WindowsStandaloneSupport/UnityEditor.WindowsStandalone.Extensions.dll
Registered in 0.001923 seconds.
Native extension for WindowsStandalone target not found
Native extension for OSXStandalone target not found
Refreshing native plugins compatible for Editor in 37.93 ms, found 1 plugins.
Preloading 0 native plugins for Editor in 0.00 ms.
Invoked RoslynAnalysisRunner static constructor.
RoslynAnalysisRunner will not be running.
RoslynAnalysisRunner has terminated.
Mono: successfully reloaded assembly
- Completed reload, in  3.354 seconds
Platform modules already initialized, skipping
Registering precompiled user dll's ...
Registered in 0.001438 seconds.
Begin MonoManager ReloadAssembly
Native extension for WindowsStandalone target not found
Native extension for OSXStandalone target not found
Refreshing native plugins compatible for Editor in 40.89 ms, found 1 plugins.
Preloading 0 native plugins for Editor in 0.00 ms.
Invoked RoslynAnalysisRunner static constructor.
RoslynAnalysisRunner will not be running.
RoslynAnalysisRunner has terminated.
Mono: successfully reloaded assembly
- Completed reload, in  1.863 seconds
Platform modules already initialized, skipping
========================================================================
Worker process is ready to serve import requests
Shader 'Universal Render Pipeline/Particles/Lit': fallback shader 'Universal Render Pipeline/Particles/SimpleLit' not found
Launching external process: /Applications/Unity/Hub/Editor/2020.3.0f1/Unity.app/Contents/Tools/UnityShaderCompiler
Launched and connected shader compiler UnityShaderCompiler after 0.03 seconds
Refreshing native plugins compatible for Editor in 0.36 ms, found 1 plugins.
Preloading 0 native plugins for Editor in 0.00 ms.
Unloading 2467 Unused Serialized files (Serialized files now loaded: 0)
System memory in use before: 184.7 MB.
System memory in use after: 184.8 MB.

Unloading 10 unused Assets to reduce memory usage. Loaded Objects now: 2912.
Total: 1.760750 ms (FindLiveObjects: 0.181458 ms CreateObjectMapping: 0.056625 ms MarkObjects: 1.453125 ms  DeleteObjects: 0.068708 ms)

========================================================================
Received Import Request.
  path: Assets/Scenes
  artifactKey: Guid(c907e490e9a4d394683c23a8de3408d1) Importer(815301076,1909f56bfc062723c751e8b465ee728b)
Start importing Assets/Scenes using Guid(c907e490e9a4d394683c23a8de3408d1) Importer(815301076,1909f56bfc062723c751e8b465ee728b)  -> (artifact id: '6053699f3516043f959af9c6a252ca42') in 0.009171 seconds
  Import took 0.012946 seconds .

========================================================================
Received Import Request.
  Time since last request: 0.000291 seconds.
  path: Assets/Scenes/Main/NavMesh.asset
  artifactKey: Guid(d61eae2e6c56097468263b22feefaff4) Importer(815301076,1909f56bfc062723c751e8b465ee728b)
Start importing Assets/Scenes/Main/NavMesh.asset using Guid(d61eae2e6c56097468263b22feefaff4) Importer(815301076,1909f56bfc062723c751e8b465ee728b)  -> (artifact id: '4381102dba4c9ebe9911699d5d9c7ea6') in 0.408425 seconds
  Import took 0.411636 seconds .

========================================================================
Received Import Request.
  Time since last request: 0.000267 seconds.
  path: Assets/Scenes/Main.unity
  artifactKey: Guid(49eb575efe7f42741b60381cc0e8b633) Importer(815301076,1909f56bfc062723c751e8b465ee728b)
Start importing Assets/Scenes/Main.unity using Guid(49eb575efe7f42741b60381cc0e8b633) Importer(815301076,1909f56bfc062723c751e8b465ee728b)  -> (artifact id: 'e49c618977a2cc2eccdbcd7379b11e91') in 0.005211 seconds
  Import took 0.008221 seconds .

========================================================================
Received Import Request.
  Time since last request: 0.000213 seconds.
  path: Assets/Scenes/Main
  artifactKey: Guid(3bb3f28a17073344fa7b3bfd86844058) Importer(815301076,1909f56bfc062723c751e8b465ee728b)
Start importing Assets/Scenes/Main using Guid(3bb3f28a17073344fa7b3bfd86844058) Importer(815301076,1909f56bfc062723c751e8b465ee728b)  -> (artifact id: '95b76904fa6192e526eab5ad3886a8ce') in 0.000653 seconds
  Import took 0.003068 seconds .

========================================================================
Received Import Request.
  Time since last request: 4.207172 seconds.
  path: Assets/Scenes/Menu.unity
  artifactKey: Guid(ae666798a74d3a5488e0c0ec42a1265d) Importer(815301076,1909f56bfc062723c751e8b465ee728b)
Start importing Assets/Scenes/Menu.unity using Guid(ae666798a74d3a5488e0c0ec42a1265d) Importer(815301076,1909f56bfc062723c751e8b465ee728b)  -> (artifact id: '2a7205187e1f59d4a8d59281ff81c73a') in 0.001871 seconds
  Import took 0.008527 seconds .

========================================================================
Received Prepare
Registering precompiled user dll's ...
Registered in 0.000673 seconds.
Begin MonoManager ReloadAssembly
Native extension for WindowsStandalone target not found
Native extension for OSXStandalone target not found
Refreshing native plugins compatible for Editor in 0.36 ms, found 1 plugins.
Preloading 0 native plugins for Editor in 0.00 ms.
Invoked RoslynAnalysisRunner static constructor.
RoslynAnalysisRunner will not be running.
RoslynAnalysisRunner has terminated.
Mono: successfully reloaded assembly
- Completed reload, in  1.793 seconds
Platform modules already initialized, skipping
Shader 'Universal Render Pipeline/Particles/Lit': fallback shader 'Universal Render Pipeline/Particles/SimpleLit' not found
Refreshing native plugins compatible for Editor in 0.35 ms, found 1 plugins.
Preloading 0 native plugins for Editor in 0.00 ms.
Unloading 2358 Unused Serialized files (Serialized files now loaded: 0)
System memory in use before: 182.6 MB.
System memory in use after: 182.8 MB.

Unloading 5 unused Assets to reduce memory usage. Loaded Objects now: 2915.
Total: 1.761834 ms (FindLiveObjects: 0.251916 ms CreateObjectMapping: 0.048667 ms MarkObjects: 1.440458 ms  DeleteObjects: 0.019875 ms)

========================================================================
Received Import Request.
  Time since last request: 2259.450424 seconds.
  path: Assets/Scripts/TransporterUnit.cs
  artifactKey: Guid(10dce3fc2d9cb4440bf8047367db35c1) Importer(815301076,1909f56bfc062723c751e8b465ee728b)
Start importing Assets/Scripts/TransporterUnit.cs using Guid(10dce3fc2d9cb4440bf8047367db35c1) Importer(815301076,1909f56bfc062723c751e8b465ee728b)  -> (artifact id: '35795a0c60bd971d33ed5a6ae4758569') in 0.206598 seconds
  Import took 0.209600 seconds .

========================================================================
Received Prepare
Registering precompiled user dll's ...
Registered in 0.000615 seconds.
Begin MonoManager ReloadAssembly
Native extension for WindowsStandalone target not found
Native extension for OSXStandalone target not found
Refreshing native plugins compatible for Editor in 0.37 ms, found 1 plugins.
Preloading 0 native plugins for Editor in 0.00 ms.
Invoked RoslynAnalysisRunner static constructor.
RoslynAnalysisRunner will not be running.
RoslynAnalysisRunner has terminated.
Mono: successfully reloaded assembly
- Completed reload, in  1.910 seconds
Platform modules already initialized, skipping
Shader 'Universal Render Pipeline/Particles/Lit': fallback shader 'Universal Render Pipeline/Particles/SimpleLit' not found
Refreshing native plugins compatible for Editor in 0.35 ms, found 1 plugins.
Preloading 0 native plugins for Editor in 0.00 ms.
Unloading 2358 Unused Serialized files (Serialized files now loaded: 0)
System memory in use before: 187.3 MB.
System memory in use after: 187.5 MB.

Unloading 5 unused Assets to reduce memory usage. Loaded Objects now: 2918.
Total: 1.510292 ms (FindLiveObjects: 0.211209 ms CreateObjectMapping: 0.051541 ms MarkObjects: 1.224167 ms  DeleteObjects: 0.022334 ms)

========================================================================
Received Prepare
Registering precompiled user dll's ...
Registered in 0.000664 seconds.
Begin MonoManager ReloadAssembly
Native extension for WindowsStandalone target not found
Native extension for OSXStandalone target not found
Refreshing native plugins compatible for Editor in 0.39 ms, found 1 plugins.
Preloading 0 native plugins for Editor in 0.00 ms.
Invoked RoslynAnalysisRunner static constructor.
RoslynAnalysisRunner will not be running.
RoslynAnalysisRunner has terminated.
Mono: successfully reloaded assembly
- Completed reload, in  1.942 seconds
Platform modules already initialized, skipping
Shader 'Universal Render Pipeline/Particles/Lit': fallback shader 'Universal Render Pipeline/Particles/SimpleLit' not found
Refreshing native plugins compatible for Editor in 0.36 ms, found 1 plugins.
Preloading 0 native plugins for Editor in 0.00 ms.
Unloading 2358 Unused Serialized files (Serialized files now loaded: 0)
System memory in use before: 187.6 MB.
System memory in use after: 187.9 MB.

Unloading 5 unused Assets to reduce memory usage. Loaded Objects now: 2921.
Total: 1.391833 ms (FindLiveObjects: 0.171959 ms CreateObjectMapping: 0.049292 ms MarkObjects: 1.145916 ms  DeleteObjects: 0.023708 ms)

========================================================================
Received Prepare
Registering precompiled user dll's ...
Registered in 0.001234 seconds.
Begin MonoManager ReloadAssembly
Native extension for WindowsStandalone target not found
Native extension for OSXStandalone target not found
Refreshing native plugins compatible for Editor in 0.38 ms, found 1 plugins.
Preloading 0 native plugins for Editor in 0.00 ms.
Invoked RoslynAnalysisRunner static constructor.
RoslynAnalysisRunner will not be running.
RoslynAnalysisRunner has terminated.
Mono: successfully reloaded assembly
- Completed reload, in  1.886 seconds
Platform modules already initialized, skipping
Shader 'Universal Render Pipeline/Particles/Lit': fallback shader 'Universal Render Pipeline/Particles/SimpleLit' not found
Refreshing native plugins compatible for Editor in 0.36 ms, found 1 plugins.
Preloading 0 native plugins for Editor in 0.00 ms.
Unloading 2358 Unused Serialized files (Serialized files now loaded: 0)
System memory in use before: 188.0 MB.
System memory in use after: 188.2 MB.

Unloading 5 unused Assets to reduce memory usage. Loaded Objects now: 2924.
Total: 1.438917 ms (FindLiveObjects: 0.182125 ms CreateObjectMapping: 0.050875 ms MarkObjects: 1.183083 ms  DeleteObjects: 0.021958 ms)

========================================================================
Received Prepare
Registering precompiled user dll's ...
Registered in 0.000769 seconds.
Begin MonoManager ReloadAssembly
Native extension for WindowsStandalone target not found
Native extension for OSXStandalone target not found
Refreshing native plugins compatible for Editor in 0.37 ms, found 1 plugins.
Preloading 0 native plugins for Editor in 0.00 ms.
Invoked RoslynAnalysisRunner static constructor.
RoslynAnalysisRunner will not be running.
RoslynAnalysisRunner has terminated.
Mono: successfully reloaded assembly
- Completed reload, in  1.925 seconds
Platform modules already initialized, skipping
Shader 'Universal Render Pipeline/Particles/Lit': fallback shader 'Universal Render Pipeline/Particles/SimpleLit' not found
Refreshing native plugins compatible for Editor in 0.37 ms, found 1 plugins.
Preloading 0 native plugins for Editor in 0.00 ms.
Unloading 2358 Unused Serialized files (Serialized files now loaded: 0)
System memory in use before: 188.2 MB.
System memory in use after: 188.4 MB.

Unloading 5 unused Assets to reduce memory usage. Loaded Objects now: 2927.
Total: 1.540417 ms (FindLiveObjects: 0.203250 ms CreateObjectMapping: 0.052250 ms MarkObjects: 1.256917 ms  DeleteObjects: 0.026875 ms)

========================================================================
Received Prepare
Registering precompiled user dll's ...
Registered in 0.000671 seconds.
Begin MonoManager ReloadAssembly
Native extension for WindowsStandalone target not found
Native extension for OSXStandalone target not found
Refreshing native plugins compatible for Editor in 0.38 ms, found 1 plugins.
Preloading 0 native plugins for Editor in 0.00 ms.
Invoked RoslynAnalysisRunner static constructor.
RoslynAnalysisRunner will not be running.
RoslynAnalysisRunner has terminated.
Mono: successfully reloaded assembly
- Completed reload, in  1.957 seconds
Platform modules already initialized, skipping
Shader 'Universal Render Pipeline/Particles/Lit': fallback shader 'Universal Render Pipeline/Particles/SimpleLit' not found
Refreshing native plugins compatible for Editor in 0.36 ms, found 1 plugins.
Preloading 0 native plugins for Editor in 0.00 ms.
Unloading 2358 Unused Serialized files (Serialized files now loaded: 0)
System memory in use before: 188.6 MB.
System memory in use after: 188.8 MB.

Unloading 5 unused Assets to reduce memory usage. Loaded Objects now: 2930.
Total: 3.986959 ms (FindLiveObjects: 2.418375 ms CreateObjectMapping: 0.067250 ms MarkObjects: 1.465083 ms  DeleteObjects: 0.035583 ms)

========================================================================
Received Import Request.
  Time since last request: 2674.152161 seconds.
  path: Assets/Scenes/Main.unity
  artifactKey: Guid(49eb575efe7f42741b60381cc0e8b633) Importer(815301076,1909f56bfc062723c751e8b465ee728b)
Start importing Assets/Scenes/Main.unity using Guid(49eb575efe7f42741b60381cc0e8b633) Importer(815301076,1909f56bfc062723c751e8b465ee728b)  -> (artifact id: '1095f90d92a71ffd919aa1570ed1dcaf') in 0.018622 seconds
  Import took 0.022037 seconds .

========================================================================
Received Prepare
Registering precompiled user dll's ...
Registered in 0.000688 seconds.
Begin MonoManager ReloadAssembly
Native extension for WindowsStandalone target not found
Native extension for OSXStandalone target not found
Refreshing native plugins compatible for Editor in 0.36 ms, found 1 plugins.
Preloading 0 native plugins for Editor in 0.00 ms.
Invoked RoslynAnalysisRunner static constructor.
RoslynAnalysisRunner will not be running.
RoslynAnalysisRunner has terminated.
Mono: successfully reloaded assembly
- Completed reload, in  1.822 seconds
Platform modules already initialized, skipping
Shader 'Universal Render Pipeline/Particles/Lit': fallback shader 'Universal Render Pipeline/Particles/SimpleLit' not found
Refreshing native plugins compatible for Editor in 0.35 ms, found 1 plugins.
Preloading 0 native plugins for Editor in 0.00 ms.
Unloading 2358 Unused Serialized files (Serialized files now loaded: 0)
System memory in use before: 188.9 MB.
System memory in use after: 189.2 MB.

Unloading 5 unused Assets to reduce memory usage. Loaded Objects now: 2933.
Total: 1.603500 ms (FindLiveObjects: 0.246333 ms CreateObjectMapping: 0.051542 ms MarkObjects: 1.286167 ms  DeleteObjects: 0.018250 ms)

========================================================================
Received Prepare
Registering precompiled user dll's ...
Registered in 0.000687 seconds.
Begin MonoManager ReloadAssembly
Native extension for WindowsStandalone target not found
Native extension for OSXStandalone target not found
Refreshing native plugins compatible for Editor in 0.35 ms, found 1 plugins.
Preloading 0 native plugins for Editor in 0.00 ms.
Invoked RoslynAnalysisRunner static constructor.
RoslynAnalysisRunner will not be running.
RoslynAnalysisRunner has terminated.
Mono: successfully reloaded assembly
- Completed reload, in  1.778 seconds
Platform modules already initialized, skipping
Shader 'Universal Render Pipeline/Particles/Lit': fallback shader 'Universal Render Pipeline/Particles/SimpleLit' not found
Refreshing native plugins compatible for Editor in 0.38 ms, found 1 plugins.
Preloading 0 native plugins for Editor in 0.00 ms.
Unloading 2358 Unused Serialized files (Serialized files now loaded: 0)
System memory in use before: 189.2 MB.
System memory in use after: 189.4 MB.

Unloading 5 unused Assets to reduce memory usage. Loaded Objects now: 2936.
Total: 1.438916 ms (FindLiveObjects: 0.189958 ms CreateObjectMapping: 0.049209 ms MarkObjects: 1.172958 ms  DeleteObjects: 0.025792 ms)

========================================================================
Received Import Request.
  Time since last request: 226.436498 seconds.
  path: Assets/Scripts/MainManager.cs
  artifactKey: Guid(f3ce29d683c3b45d7866379b138ccb5b) Importer(815301076,1909f56bfc062723c751e8b465ee728b)
Start importing Assets/Scripts/MainManager.cs using Guid(f3ce29d683c3b45d7866379b138ccb5b) Importer(815301076,1909f56bfc062723c751e8b465ee728b)  -> (artifact id: 'baa044098b04369eac833b04f7e89227') in 0.016302 seconds
  Import took 0.026475 seconds .

========================================================================
Received Prepare
Registering precompiled user dll's ...
Registered in 0.000678 seconds.
Begin MonoManager ReloadAssembly
Native extension for WindowsStandalone target not found
Native extension for OSXStandalone target not found
Refreshing native plugins compatible for Editor in 0.36 ms, found 1 plugins.
Preloading 0 native plugins for Editor in 0.00 ms.
Invoked RoslynAnalysisRunner static constructor.
RoslynAnalysisRunner will not be running.
RoslynAnalysisRunner has terminated.
Mono: successfully reloaded assembly
- Completed reload, in  1.922 seconds
Platform modules already initialized, skipping
Shader 'Universal Render Pipeline/Particles/Lit': fallback shader 'Universal Render Pipeline/Particles/SimpleLit' not found
Refreshing native plugins compatible for Editor in 0.37 ms, found 1 plugins.
Preloading 0 native plugins for Editor in 0.00 ms.
Unloading 2359 Unused Serialized files (Serialized files now loaded: 0)
System memory in use before: 189.6 MB.
System memory in use after: 189.8 MB.

Unloading 5 unused Assets to reduce memory usage. Loaded Objects now: 2940.
Total: 1.672625 ms (FindLiveObjects: 0.210917 ms CreateObjectMapping: 0.063167 ms MarkObjects: 1.371417 ms  DeleteObjects: 0.026000 ms)

========================================================================
Received Import Request.
  Time since last request: 80.897090 seconds.
  path: Assets/Scenes/Main.unity
  artifactKey: Guid(49eb575efe7f42741b60381cc0e8b633) Importer(815301076,1909f56bfc062723c751e8b465ee728b)
Start importing Assets/Scenes/Main.unity using Guid(49eb575efe7f42741b60381cc0e8b633) Importer(815301076,1909f56bfc062723c751e8b465ee728b)  -> (artifact id: '1b1fa14fad9795074a192d0938fe58c0') in 0.044535 seconds
  Import took 0.060144 seconds .

========================================================================
Received Prepare
Registering precompiled user dll's ...
Registered in 0.000661 seconds.
Begin MonoManager ReloadAssembly
Native extension for WindowsStandalone target not found
Native extension for OSXStandalone target not found
Refreshing native plugins compatible for Editor in 0.38 ms, found 1 plugins.
Preloading 0 native plugins for Editor in 0.00 ms.
Invoked RoslynAnalysisRunner static constructor.
RoslynAnalysisRunner will not be running.
RoslynAnalysisRunner has terminated.
Mono: successfully reloaded assembly
- Completed reload, in  1.788 seconds
Platform modules already initialized, skipping
Shader 'Universal Render Pipeline/Particles/Lit': fallback shader 'Universal Render Pipeline/Particles/SimpleLit' not found
Refreshing native plugins compatible for Editor in 0.35 ms, found 1 plugins.
Preloading 0 native plugins for Editor in 0.00 ms.
Unloading 2359 Unused Serialized files (Serialized files now loaded: 0)
System memory in use before: 189.8 MB.
System memory in use after: 190.0 MB.

Unloading 5 unused Assets to reduce memory usage. Loaded Objects now: 2943.
Total: 1.447875 ms (FindLiveObjects: 0.178042 ms CreateObjectMapping: 0.049333 ms MarkObjects: 1.192583 ms  DeleteObjects: 0.027083 ms)

========================================================================
Received Prepare
Registering precompiled user dll's ...
Registered in 0.000673 seconds.
Begin MonoManager ReloadAssembly
Native extension for WindowsStandalone target not found
Native extension for OSXStandalone target not found
Refreshing native plugins compatible for Editor in 0.38 ms, found 1 plugins.
Preloading 0 native plugins for Editor in 0.00 ms.
Invoked RoslynAnalysisRunner static constructor.
RoslynAnalysisRunner will not be running.
RoslynAnalysisRunner has terminated.
Mono: successfully reloaded assembly
- Completed reload, in  1.946 seconds
Platform modules already initialized, skipping
Shader 'Universal Render Pipeline/Particles/Lit': fallback shader 'Universal Render Pipeline/Particles/SimpleLit' not found
Refreshing native plugins compatible for Editor in 0.34 ms, found 1 plugins.
Preloading 0 native plugins for Editor in 0.00 ms.
Unloading 2359 Unused Serialized files (Serialized files now loaded: 0)
System memory in use before: 190.4 MB.
System memory in use after: 190.6 MB.

Unloading 5 unused Assets to reduce memory usage. Loaded Objects now: 2946.
Total: 2.404584 ms (FindLiveObjects: 0.175500 ms CreateObjectMapping: 0.049166 ms MarkObjects: 2.149959 ms  DeleteObjects: 0.029208 ms)

========================================================================
Received Import Request.
  Time since last request: 83068.527825 seconds.
  path: Assets/Scripts/MainManager.cs
  artifactKey: Guid(f3ce29d683c3b45d7866379b138ccb5b) Importer(815301076,1909f56bfc062723c751e8b465ee728b)
Start importing Assets/Scripts/MainManager.cs using Guid(f3ce29d683c3b45d7866379b138ccb5b) Importer(815301076,1909f56bfc062723c751e8b465ee728b)  -> (artifact id: '5e81f441e74e610eec99576cadcbaa80') in 0.033128 seconds
  Import took 0.048167 seconds .

========================================================================
Received Prepare
Registering precompiled user dll's ...
Registered in 0.000775 seconds.
Begin MonoManager ReloadAssembly
Native extension for WindowsStandalone target not found
Native extension for OSXStandalone target not found
Refreshing native plugins compatible for Editor in 4.27 ms, found 1 plugins.
Preloading 0 native plugins for Editor in 0.00 ms.
Invoked RoslynAnalysisRunner static constructor.
RoslynAnalysisRunner will not be running.
RoslynAnalysisRunner has terminated.
Mono: successfully reloaded assembly
- Completed reload, in  2.547 seconds
Platform modules already initialized, skipping
Shader 'Universal Render Pipeline/Particles/Lit': fallback shader 'Universal Render Pipeline/Particles/SimpleLit' not found
Refreshing native plugins compatible for Editor in 0.40 ms, found 1 plugins.
Preloading 0 native plugins for Editor in 0.00 ms.
Unloading 2359 Unused Serialized files (Serialized files now loaded: 0)
System memory in use before: 190.7 MB.
System memory in use after: 190.9 MB.

Unloading 5 unused Assets to reduce memory usage. Loaded Objects now: 2949.
Total: 4.015750 ms (FindLiveObjects: 0.340042 ms CreateObjectMapping: 0.097916 ms MarkObjects: 3.245750 ms  DeleteObjects: 0.330750 ms)

========================================================================
Received Prepare
Registering precompiled user dll's ...
Registered in 0.004628 seconds.
Begin MonoManager ReloadAssembly
Native extension for WindowsStandalone target not found
Native extension for OSXStandalone target not found
Refreshing native plugins compatible for Editor in 0.70 ms, found 1 plugins.
Preloading 0 native plugins for Editor in 0.00 ms.
Invoked RoslynAnalysisRunner static constructor.
RoslynAnalysisRunner will not be running.
RoslynAnalysisRunner has terminated.
Mono: successfully reloaded assembly
- Completed reload, in  2.399 seconds
Platform modules already initialized, skipping
Shader 'Universal Render Pipeline/Particles/Lit': fallback shader 'Universal Render Pipeline/Particles/SimpleLit' not found
Refreshing native plugins compatible for Editor in 0.39 ms, found 1 plugins.
Preloading 0 native plugins for Editor in 0.00 ms.
Unloading 2359 Unused Serialized files (Serialized files now loaded: 0)
System memory in use before: 191.0 MB.
System memory in use after: 191.2 MB.

Unloading 5 unused Assets to reduce memory usage. Loaded Objects now: 2952.
Total: 7.460834 ms (FindLiveObjects: 0.926667 ms CreateObjectMapping: 0.112375 ms MarkObjects: 5.931542 ms  DeleteObjects: 0.488417 ms)

========================================================================
Received Prepare
Registering precompiled user dll's ...
Registered in 0.000700 seconds.
Begin MonoManager ReloadAssembly
Native extension for WindowsStandalone target not found
Native extension for OSXStandalone target not found
Refreshing native plugins compatible for Editor in 0.39 ms, found 1 plugins.
Preloading 0 native plugins for Editor in 0.00 ms.
Invoked RoslynAnalysisRunner static constructor.
RoslynAnalysisRunner will not be running.
RoslynAnalysisRunner has terminated.
Mono: successfully reloaded assembly
- Completed reload, in  2.078 seconds
Platform modules already initialized, skipping
Shader 'Universal Render Pipeline/Particles/Lit': fallback shader 'Universal Render Pipeline/Particles/SimpleLit' not found
Refreshing native plugins compatible for Editor in 0.35 ms, found 1 plugins.
Preloading 0 native plugins for Editor in 0.00 ms.
Unloading 2359 Unused Serialized files (Serialized files now loaded: 0)
System memory in use before: 191.6 MB.
System memory in use after: 191.8 MB.

Unloading 5 unused Assets to reduce memory usage. Loaded Objects now: 2955.
Total: 3.215792 ms (FindLiveObjects: 0.201834 ms CreateObjectMapping: 0.050125 ms MarkObjects: 2.580000 ms  DeleteObjects: 0.382792 ms)

========================================================================
Received Prepare
Registering precompiled user dll's ...
Registered in 0.000969 seconds.
Begin MonoManager ReloadAssembly
Native extension for WindowsStandalone target not found
Native extension for OSXStandalone target not found
Refreshing native plugins compatible for Editor in 0.37 ms, found 1 plugins.
Preloading 0 native plugins for Editor in 0.00 ms.
Invoked RoslynAnalysisRunner static constructor.
RoslynAnalysisRunner will not be running.
RoslynAnalysisRunner has terminated.
Mono: successfully reloaded assembly
- Completed reload, in  1.945 seconds
Platform modules already initialized, skipping
Shader 'Universal Render Pipeline/Particles/Lit': fallback shader 'Universal Render Pipeline/Particles/SimpleLit' not found
Refreshing native plugins compatible for Editor in 0.36 ms, found 1 plugins.
Preloading 0 native plugins for Editor in 0.00 ms.
Unloading 2359 Unused Serialized files (Serialized files now loaded: 0)
System memory in use before: 191.8 MB.
System memory in use after: 192.0 MB.

Unloading 5 unused Assets to reduce memory usage. Loaded Objects now: 2958.
Total: 1.620833 ms (FindLiveObjects: 0.232500 ms CreateObjectMapping: 0.051209 ms MarkObjects: 1.313959 ms  DeleteObjects: 0.022416 ms)

